C:\USERS\DAIKI\DESKTOP\CVRETINA\BUILD\SRC\CMAKEFILES\GENERATE.STAMP
C:\Users\daiki\Desktop\cvRetina\build\src\cvRetinaComp.dir\Debug\cl.command.1.tlog
C:\Users\daiki\Desktop\cvRetina\build\src\cvRetinaComp.dir\Debug\CL.read.1.tlog
C:\Users\daiki\Desktop\cvRetina\build\src\cvRetinaComp.dir\Debug\CL.write.1.tlog
C:\Users\daiki\Desktop\cvRetina\build\src\cvRetinaComp.dir\Debug\custombuild.command.1.tlog
C:\Users\daiki\Desktop\cvRetina\build\src\cvRetinaComp.dir\Debug\custombuild.read.1.tlog
C:\Users\daiki\Desktop\cvRetina\build\src\cvRetinaComp.dir\Debug\custombuild.write.1.tlog
C:\USERS\DAIKI\DESKTOP\CVRETINA\BUILD\SRC\CVRETINACOMP.DIR\DEBUG\CVRETINA.OBJ
C:\USERS\DAIKI\DESKTOP\CVRETINA\BUILD\SRC\CVRETINACOMP.DIR\DEBUG\CVRETINACOMP.EXE.EMBED.MANIFEST
C:\USERS\DAIKI\DESKTOP\CVRETINA\BUILD\SRC\CVRETINACOMP.DIR\DEBUG\CVRETINACOMP.EXE.EMBED.MANIFEST.RES
C:\USERS\DAIKI\DESKTOP\CVRETINA\BUILD\SRC\CVRETINACOMP.DIR\DEBUG\CVRETINACOMP.EXE.INTERMEDIATE.MANIFEST
C:\USERS\DAIKI\DESKTOP\CVRETINA\BUILD\SRC\CVRETINACOMP.DIR\DEBUG\CVRETINACOMP.OBJ
C:\Users\daiki\Desktop\cvRetina\build\src\cvRetinaComp.dir\Debug\cvRetinaComp.write.1.tlog
C:\Users\daiki\Desktop\cvRetina\build\src\cvRetinaComp.dir\Debug\cvRetinaComp_manifest.rc
C:\Users\daiki\Desktop\cvRetina\build\src\cvRetinaComp.dir\Debug\link.1812.read.1.tlog
C:\Users\daiki\Desktop\cvRetina\build\src\cvRetinaComp.dir\Debug\link.1812.write.1.tlog
C:\Users\daiki\Desktop\cvRetina\build\src\cvRetinaComp.dir\Debug\link.1812-cvtres.read.1.tlog
C:\Users\daiki\Desktop\cvRetina\build\src\cvRetinaComp.dir\Debug\link.1812-cvtres.write.1.tlog
C:\Users\daiki\Desktop\cvRetina\build\src\cvRetinaComp.dir\Debug\link.3172.read.1.tlog
C:\Users\daiki\Desktop\cvRetina\build\src\cvRetinaComp.dir\Debug\link.3172.write.1.tlog
C:\Users\daiki\Desktop\cvRetina\build\src\cvRetinaComp.dir\Debug\link.3172-cvtres.read.1.tlog
C:\Users\daiki\Desktop\cvRetina\build\src\cvRetinaComp.dir\Debug\link.3172-cvtres.write.1.tlog
C:\Users\daiki\Desktop\cvRetina\build\src\cvRetinaComp.dir\Debug\link.4008.read.1.tlog
C:\Users\daiki\Desktop\cvRetina\build\src\cvRetinaComp.dir\Debug\link.4008.write.1.tlog
C:\Users\daiki\Desktop\cvRetina\build\src\cvRetinaComp.dir\Debug\link.4008-cvtres.read.1.tlog
C:\Users\daiki\Desktop\cvRetina\build\src\cvRetinaComp.dir\Debug\link.4008-cvtres.write.1.tlog
C:\Users\daiki\Desktop\cvRetina\build\src\cvRetinaComp.dir\Debug\link.4224.read.1.tlog
C:\Users\daiki\Desktop\cvRetina\build\src\cvRetinaComp.dir\Debug\link.4224.write.1.tlog
C:\Users\daiki\Desktop\cvRetina\build\src\cvRetinaComp.dir\Debug\link.4224-cvtres.read.1.tlog
C:\Users\daiki\Desktop\cvRetina\build\src\cvRetinaComp.dir\Debug\link.4224-cvtres.write.1.tlog
C:\Users\daiki\Desktop\cvRetina\build\src\cvRetinaComp.dir\Debug\link.4572.read.1.tlog
C:\Users\daiki\Desktop\cvRetina\build\src\cvRetinaComp.dir\Debug\link.4572.write.1.tlog
C:\Users\daiki\Desktop\cvRetina\build\src\cvRetinaComp.dir\Debug\link.4572-cvtres.read.1.tlog
C:\Users\daiki\Desktop\cvRetina\build\src\cvRetinaComp.dir\Debug\link.4572-cvtres.write.1.tlog
C:\Users\daiki\Desktop\cvRetina\build\src\cvRetinaComp.dir\Debug\link.5024.read.1.tlog
C:\Users\daiki\Desktop\cvRetina\build\src\cvRetinaComp.dir\Debug\link.5024.write.1.tlog
C:\Users\daiki\Desktop\cvRetina\build\src\cvRetinaComp.dir\Debug\link.5024-cvtres.read.1.tlog
C:\Users\daiki\Desktop\cvRetina\build\src\cvRetinaComp.dir\Debug\link.5024-cvtres.write.1.tlog
C:\Users\daiki\Desktop\cvRetina\build\src\cvRetinaComp.dir\Debug\link.command.1.tlog
C:\Users\daiki\Desktop\cvRetina\build\src\cvRetinaComp.dir\Debug\link.read.1.tlog
C:\Users\daiki\Desktop\cvRetina\build\src\cvRetinaComp.dir\Debug\link.write.1.tlog
C:\Users\daiki\Desktop\cvRetina\build\src\cvRetinaComp.dir\Debug\link-cvtres.read.1.tlog
C:\Users\daiki\Desktop\cvRetina\build\src\cvRetinaComp.dir\Debug\link-cvtres.write.1.tlog
C:\Users\daiki\Desktop\cvRetina\build\src\cvRetinaComp.dir\Debug\mt.command.1.tlog
C:\Users\daiki\Desktop\cvRetina\build\src\cvRetinaComp.dir\Debug\mt.read.1.tlog
C:\Users\daiki\Desktop\cvRetina\build\src\cvRetinaComp.dir\Debug\mt.write.1.tlog
C:\Users\daiki\Desktop\cvRetina\build\src\cvRetinaComp.dir\Debug\rc.command.1.tlog
C:\Users\daiki\Desktop\cvRetina\build\src\cvRetinaComp.dir\Debug\rc.read.1.tlog
C:\Users\daiki\Desktop\cvRetina\build\src\cvRetinaComp.dir\Debug\rc.write.1.tlog
C:\USERS\DAIKI\DESKTOP\CVRETINA\BUILD\SRC\DEBUG\CVRETINACOMP.EXE
C:\Users\daiki\Desktop\cvRetina\build\src\Debug\cvRetinaComp.exp
C:\USERS\DAIKI\DESKTOP\CVRETINA\BUILD\SRC\DEBUG\CVRETINACOMP.ILK
C:\Users\daiki\Desktop\cvRetina\build\src\Debug\cvRetinaComp.lib
C:\USERS\DAIKI\DESKTOP\CVRETINA\BUILD\SRC\DEBUG\CVRETINACOMP.PDB
