C:\USERS\DAIKI\DESKTOP\CVRETINA\BUILD\SRC\CMAKEFILES\GENERATE.STAMP
C:\Users\daiki\Desktop\cvRetina\build\src\cvRetina.dir\Debug\cl.command.1.tlog
C:\Users\daiki\Desktop\cvRetina\build\src\cvRetina.dir\Debug\CL.read.1.tlog
C:\Users\daiki\Desktop\cvRetina\build\src\cvRetina.dir\Debug\CL.write.1.tlog
C:\Users\daiki\Desktop\cvRetina\build\src\cvRetina.dir\Debug\custombuild.command.1.tlog
C:\Users\daiki\Desktop\cvRetina\build\src\cvRetina.dir\Debug\custombuild.read.1.tlog
C:\Users\daiki\Desktop\cvRetina\build\src\cvRetina.dir\Debug\custombuild.write.1.tlog
C:\USERS\DAIKI\DESKTOP\CVRETINA\BUILD\SRC\CVRETINA.DIR\DEBUG\CVRETINA.DLL.EMBED.MANIFEST
C:\USERS\DAIKI\DESKTOP\CVRETINA\BUILD\SRC\CVRETINA.DIR\DEBUG\CVRETINA.DLL.EMBED.MANIFEST.RES
C:\USERS\DAIKI\DESKTOP\CVRETINA\BUILD\SRC\CVRETINA.DIR\DEBUG\CVRETINA.DLL.INTERMEDIATE.MANIFEST
C:\USERS\DAIKI\DESKTOP\CVRETINA\BUILD\SRC\CVRETINA.DIR\DEBUG\CVRETINA.OBJ
C:\Users\daiki\Desktop\cvRetina\build\src\cvRetina.dir\Debug\cvRetina.vcxprojResolveAssemblyReference.cache
C:\Users\daiki\Desktop\cvRetina\build\src\cvRetina.dir\Debug\cvRetina.write.1.tlog
C:\Users\daiki\Desktop\cvRetina\build\src\cvRetina.dir\Debug\cvRetina_manifest.rc
C:\Users\daiki\Desktop\cvRetina\build\src\cvRetina.dir\Debug\link.1900.read.1.tlog
C:\Users\daiki\Desktop\cvRetina\build\src\cvRetina.dir\Debug\link.1900.write.1.tlog
C:\Users\daiki\Desktop\cvRetina\build\src\cvRetina.dir\Debug\link.1900-cvtres.read.1.tlog
C:\Users\daiki\Desktop\cvRetina\build\src\cvRetina.dir\Debug\link.1900-cvtres.write.1.tlog
C:\Users\daiki\Desktop\cvRetina\build\src\cvRetina.dir\Debug\link.2280.read.1.tlog
C:\Users\daiki\Desktop\cvRetina\build\src\cvRetina.dir\Debug\link.2280.write.1.tlog
C:\Users\daiki\Desktop\cvRetina\build\src\cvRetina.dir\Debug\link.2280-cvtres.read.1.tlog
C:\Users\daiki\Desktop\cvRetina\build\src\cvRetina.dir\Debug\link.2280-cvtres.write.1.tlog
C:\Users\daiki\Desktop\cvRetina\build\src\cvRetina.dir\Debug\link.3792.read.1.tlog
C:\Users\daiki\Desktop\cvRetina\build\src\cvRetina.dir\Debug\link.3792.write.1.tlog
C:\Users\daiki\Desktop\cvRetina\build\src\cvRetina.dir\Debug\link.3792-cvtres.read.1.tlog
C:\Users\daiki\Desktop\cvRetina\build\src\cvRetina.dir\Debug\link.3792-cvtres.write.1.tlog
C:\Users\daiki\Desktop\cvRetina\build\src\cvRetina.dir\Debug\link.4128.read.1.tlog
C:\Users\daiki\Desktop\cvRetina\build\src\cvRetina.dir\Debug\link.4128.write.1.tlog
C:\Users\daiki\Desktop\cvRetina\build\src\cvRetina.dir\Debug\link.4128-cvtres.read.1.tlog
C:\Users\daiki\Desktop\cvRetina\build\src\cvRetina.dir\Debug\link.4128-cvtres.write.1.tlog
C:\Users\daiki\Desktop\cvRetina\build\src\cvRetina.dir\Debug\link.4132.read.1.tlog
C:\Users\daiki\Desktop\cvRetina\build\src\cvRetina.dir\Debug\link.4132.write.1.tlog
C:\Users\daiki\Desktop\cvRetina\build\src\cvRetina.dir\Debug\link.4132-cvtres.read.1.tlog
C:\Users\daiki\Desktop\cvRetina\build\src\cvRetina.dir\Debug\link.4132-cvtres.write.1.tlog
C:\Users\daiki\Desktop\cvRetina\build\src\cvRetina.dir\Debug\link.4688.read.1.tlog
C:\Users\daiki\Desktop\cvRetina\build\src\cvRetina.dir\Debug\link.4688.write.1.tlog
C:\Users\daiki\Desktop\cvRetina\build\src\cvRetina.dir\Debug\link.4688-cvtres.read.1.tlog
C:\Users\daiki\Desktop\cvRetina\build\src\cvRetina.dir\Debug\link.4688-cvtres.write.1.tlog
C:\Users\daiki\Desktop\cvRetina\build\src\cvRetina.dir\Debug\link.command.1.tlog
C:\Users\daiki\Desktop\cvRetina\build\src\cvRetina.dir\Debug\link.read.1.tlog
C:\Users\daiki\Desktop\cvRetina\build\src\cvRetina.dir\Debug\link.write.1.tlog
C:\Users\daiki\Desktop\cvRetina\build\src\cvRetina.dir\Debug\link-cvtres.read.1.tlog
C:\Users\daiki\Desktop\cvRetina\build\src\cvRetina.dir\Debug\link-cvtres.write.1.tlog
C:\Users\daiki\Desktop\cvRetina\build\src\cvRetina.dir\Debug\mt.command.1.tlog
C:\Users\daiki\Desktop\cvRetina\build\src\cvRetina.dir\Debug\mt.read.1.tlog
C:\Users\daiki\Desktop\cvRetina\build\src\cvRetina.dir\Debug\mt.write.1.tlog
C:\Users\daiki\Desktop\cvRetina\build\src\cvRetina.dir\Debug\rc.command.1.tlog
C:\Users\daiki\Desktop\cvRetina\build\src\cvRetina.dir\Debug\rc.read.1.tlog
C:\Users\daiki\Desktop\cvRetina\build\src\cvRetina.dir\Debug\rc.write.1.tlog
C:\USERS\DAIKI\DESKTOP\CVRETINA\BUILD\SRC\DEBUG\CVRETINA.DLL
C:\Users\daiki\Desktop\cvRetina\build\src\Debug\cvRetina.exp
C:\USERS\DAIKI\DESKTOP\CVRETINA\BUILD\SRC\DEBUG\CVRETINA.ILK
C:\Users\daiki\Desktop\cvRetina\build\src\Debug\cvRetina.lib
C:\USERS\DAIKI\DESKTOP\CVRETINA\BUILD\SRC\DEBUG\CVRETINA.PDB
